Assembler report for SoCKit_i2sound
Fri Dec 15 22:01:15 2017
Quartus II 64-Bit Version 15.0.0 Build 145 04/22/2015 SJ Web Edition


---------------------
; Table of Contents ;
---------------------
  1. Legal Notice
  2. Assembler Summary
  3. Assembler Settings
  4. Assembler Encrypted IP Cores Summary
  5. Assembler Generated Files
  6. Assembler Device Options: E:/Terasic_SoC_Kit/V_1.0.3_SysCD/Demonstrations/FPGA/SoCKit_i2sound/SoCKit_i2sound.sof
  7. Assembler Device Options: E:/Terasic_SoC_Kit/V_1.0.3_SysCD/Demonstrations/FPGA/SoCKit_i2sound/SoCKit_i2sound.pof
  8. Assembler Messages



----------------
; Legal Notice ;
----------------
Copyright (C) 1991-2015 Altera Corporation. All rights reserved.
Your use of Altera Corporation's design tools, logic functions 
and other software and tools, and its AMPP partner logic 
functions, and any output files from any of the foregoing 
(including device programming or simulation files), and any 
associated documentation or information are expressly subject 
to the terms and conditions of the Altera Program License 
Subscription Agreement, the Altera Quartus II License Agreement,
the Altera MegaCore Function License Agreement, or other 
applicable license agreement, including, without limitation, 
that your use is for the sole purpose of programming logic 
devices manufactured by Altera and sold by Altera or its 
authorized distributors.  Please refer to the applicable 
agreement for further details.



+---------------------------------------------------------------+
; Assembler Summary                                             ;
+-----------------------+---------------------------------------+
; Assembler Status      ; Successful - Fri Dec 15 22:01:15 2017 ;
; Revision Name         ; SoCKit_i2sound                        ;
; Top-level Entity Name ; SoCKit_i2sound                        ;
; Family                ; Cyclone V                             ;
; Device                ; 5CSXFC6D6F31C8ES                      ;
+-----------------------+---------------------------------------+


+----------------------------------+
; Assembler Settings               ;
+--------+---------+---------------+
; Option ; Setting ; Default Value ;
+--------+---------+---------------+


+------------------------------------------------+
; Assembler Encrypted IP Cores Summary           ;
+--------+------------------------+--------------+
; Vendor ; IP Core Name           ; License Type ;
+--------+------------------------+--------------+
; Altera ; Signal Tap (6AF7 BCE1) ; Licensed     ;
; Altera ; Signal Tap (6AF7 BCEC) ; Licensed     ;
+--------+------------------------+--------------+


+----------------------------------------------------------------------------------------+
; Assembler Generated Files                                                              ;
+----------------------------------------------------------------------------------------+
; File Name                                                                              ;
+----------------------------------------------------------------------------------------+
; E:/Terasic_SoC_Kit/V_1.0.3_SysCD/Demonstrations/FPGA/SoCKit_i2sound/SoCKit_i2sound.sof ;
; E:/Terasic_SoC_Kit/V_1.0.3_SysCD/Demonstrations/FPGA/SoCKit_i2sound/SoCKit_i2sound.pof ;
+----------------------------------------------------------------------------------------+


+------------------------------------------------------------------------------------------------------------------+
; Assembler Device Options: E:/Terasic_SoC_Kit/V_1.0.3_SysCD/Demonstrations/FPGA/SoCKit_i2sound/SoCKit_i2sound.sof ;
+----------------+-------------------------------------------------------------------------------------------------+
; Option         ; Setting                                                                                         ;
+----------------+-------------------------------------------------------------------------------------------------+
; Device         ; 5CSXFC6D6F31C8ES                                                                                ;
; JTAG usercode  ; 0x00DB1E26                                                                                      ;
; Checksum       ; 0x00DB1E26                                                                                      ;
+----------------+-------------------------------------------------------------------------------------------------+


+------------------------------------------------------------------------------------------------------------------+
; Assembler Device Options: E:/Terasic_SoC_Kit/V_1.0.3_SysCD/Demonstrations/FPGA/SoCKit_i2sound/SoCKit_i2sound.pof ;
+--------------------+---------------------------------------------------------------------------------------------+
; Option             ; Setting                                                                                     ;
+--------------------+---------------------------------------------------------------------------------------------+
; Device             ; EPCQ256                                                                                     ;
; JTAG usercode      ; 0x00000000                                                                                  ;
; Checksum           ; 0xE1DCC0D5                                                                                  ;
; Compression Ratio  ; 3                                                                                           ;
+--------------------+---------------------------------------------------------------------------------------------+


+--------------------+
; Assembler Messages ;
+--------------------+
Info: *******************************************************************
Info: Running Quartus II 64-Bit Assembler
    Info: Version 15.0.0 Build 145 04/22/2015 SJ Web Edition
    Info: Processing started: Fri Dec 15 22:01:02 2017
Info: Command: quartus_asm --read_settings_files=off --write_settings_files=off SoCKit_i2sound -c SoCKit_i2sound
Info (115030): Assembler is generating device programming files
Info: Quartus II 64-Bit Assembler was successful. 0 errors, 0 warnings
    Info: Peak virtual memory: 742 megabytes
    Info: Processing ended: Fri Dec 15 22:01:15 2017
    Info: Elapsed time: 00:00:13
    Info: Total CPU time (on all processors): 00:00:13


